This file contains any messages produced by compilers while
running configure, to aid debugging if configure makes a mistake.

It was created by configure, which was
generated by GNU Autoconf 2.69.  Invocation command line was

  $ ./configure 

## --------- ##
## Platform. ##
## --------- ##

hostname = colum-HP-ProDesk-400-G1-SFF
uname -m = x86_64
uname -r = 5.15.0-119-generic
uname -s = Linux
uname -v = #129-Ubuntu SMP Fri Aug 2 19:25:20 UTC 2024

/usr/bin/uname -p = x86_64
/bin/uname -X     = unknown

/bin/arch              = x86_64
/usr/bin/arch -k       = unknown
/usr/convex/getsysinfo = unknown
/usr/bin/hostinfo      = unknown
/bin/machine           = unknown
/usr/bin/oslevel       = unknown
/bin/universe          = unknown

PATH: /usr/prebin
PATH: /home/colum/.local/bin
PATH: /home/colum/bin
PATH: /usr/local/bin
PATH: /usr/bin
PATH: /bin
PATH: /usr/local/games
PATH: /usr/games


## ----------- ##
## Core tests. ##
## ----------- ##

configure:1925: checking for gcc
configure:1941: found /usr/bin/gcc
configure:1952: result: gcc
configure:2181: checking for C compiler version
configure:2190: gcc --version >&5
gcc (Ubuntu 11.4.0-1ubuntu1~22.04) 11.4.0
Copyright (C) 2021 Free Software Foundation, Inc.
This is free software; see the source for copying conditions.  There is NO
warranty; not even for MERCHANTABILITY or FITNESS FOR A PARTICULAR PURPOSE.

configure:2201: $? = 0
configure:2190: gcc -v >&5
Using built-in specs.
COLLECT_GCC=gcc
COLLECT_LTO_WRAPPER=/usr/lib/gcc/x86_64-linux-gnu/11/lto-wrapper
OFFLOAD_TARGET_NAMES=nvptx-none:amdgcn-amdhsa
OFFLOAD_TARGET_DEFAULT=1
Target: x86_64-linux-gnu
Configured with: ../src/configure -v --with-pkgversion='Ubuntu 11.4.0-1ubuntu1~22.04' --with-bugurl=file:///usr/share/doc/gcc-11/README.Bugs --enable-languages=c,ada,c++,go,brig,d,fortran,objc,obj-c++,m2 --prefix=/usr --with-gcc-major-version-only --program-suffix=-11 --program-prefix=x86_64-linux-gnu- --enable-shared --enable-linker-build-id --libexecdir=/usr/lib --without-included-gettext --enable-threads=posix --libdir=/usr/lib --enable-nls --enable-bootstrap --enable-clocale=gnu --enable-libstdcxx-debug --enable-libstdcxx-time=yes --with-default-libstdcxx-abi=new --enable-gnu-unique-object --disable-vtable-verify --enable-plugin --enable-default-pie --with-system-zlib --enable-libphobos-checking=release --with-target-system-zlib=auto --enable-objc-gc=auto --enable-multiarch --disable-werror --enable-cet --with-arch-32=i686 --with-abi=m64 --with-multilib-list=m32,m64,mx32 --enable-multilib --with-tune=generic --enable-offload-targets=nvptx-none=/build/gcc-11-XeT9lY/gcc-11-11.4.0/debian/tmp-nvptx/usr,amdgcn-amdhsa=/build/gcc-11-XeT9lY/gcc-11-11.4.0/debian/tmp-gcn/usr --without-cuda-driver --enable-checking=release --build=x86_64-linux-gnu --host=x86_64-linux-gnu --target=x86_64-linux-gnu --with-build-config=bootstrap-lto-lean --enable-link-serialization=2
Thread model: posix
Supported LTO compression algorithms: zlib zstd
gcc version 11.4.0 (Ubuntu 11.4.0-1ubuntu1~22.04) 
... rest of stderr output deleted ...
configure:2201: $? = 0
configure:2190: gcc -V >&5
gcc: error: unrecognized command-line option '-V'
gcc: fatal error: no input files
compilation terminated.
configure:2201: $? = 1
configure:2190: gcc -qversion >&5
gcc: error: unrecognized command-line option '-qversion'; did you mean '--version'?
gcc: fatal error: no input files
compilation terminated.
configure:2201: $? = 1
configure:2221: checking whether the C compiler works
configure:2243: gcc    conftest.c  >&5
configure:2247: $? = 0
configure:2295: result: yes
configure:2298: checking for C compiler default output file name
configure:2300: result: a.out
configure:2306: checking for suffix of executables
configure:2313: gcc -o conftest    conftest.c  >&5
configure:2317: $? = 0
configure:2339: result: 
configure:2361: checking whether we are cross compiling
configure:2369: gcc -o conftest    conftest.c  >&5
configure:2373: $? = 0
configure:2380: ./conftest
configure:2384: $? = 0
configure:2399: result: no
configure:2404: checking for suffix of object files
configure:2426: gcc -c   conftest.c >&5
configure:2430: $? = 0
configure:2451: result: o
configure:2455: checking whether we are using the GNU C compiler
configure:2474: gcc -c   conftest.c >&5
configure:2474: $? = 0
configure:2483: result: yes
configure:2492: checking whether gcc accepts -g
configure:2512: gcc -c -g  conftest.c >&5
configure:2512: $? = 0
configure:2553: result: yes
configure:2570: checking for gcc option to accept ISO C89
configure:2633: gcc  -c -g -O2  conftest.c >&5
configure:2633: $? = 0
configure:2646: result: none needed
configure:2672: checking whether make sets $(MAKE)
configure:2694: result: yes
configure:2709: checking how to run the C preprocessor
configure:2740: gcc -E  conftest.c
configure:2740: $? = 0
configure:2754: gcc -E  conftest.c
conftest.c:9:10: fatal error: ac_nonexistent.h: No such file or directory
    9 | #include <ac_nonexistent.h>
      |          ^~~~~~~~~~~~~~~~~~
compilation terminated.
configure:2754: $? = 1
configure: failed program was:
| /* confdefs.h */
| #define PACKAGE_NAME ""
| #define PACKAGE_TARNAME ""
| #define PACKAGE_VERSION ""
| #define PACKAGE_STRING ""
| #define PACKAGE_BUGREPORT ""
| #define PACKAGE_URL ""
| /* end confdefs.h.  */
| #include <ac_nonexistent.h>
configure:2779: result: gcc -E
configure:2799: gcc -E  conftest.c
configure:2799: $? = 0
configure:2813: gcc -E  conftest.c
conftest.c:9:10: fatal error: ac_nonexistent.h: No such file or directory
    9 | #include <ac_nonexistent.h>
      |          ^~~~~~~~~~~~~~~~~~
compilation terminated.
configure:2813: $? = 1
configure: failed program was:
| /* confdefs.h */
| #define PACKAGE_NAME ""
| #define PACKAGE_TARNAME ""
| #define PACKAGE_VERSION ""
| #define PACKAGE_STRING ""
| #define PACKAGE_BUGREPORT ""
| #define PACKAGE_URL ""
| /* end confdefs.h.  */
| #include <ac_nonexistent.h>
configure:2842: checking for grep that handles long lines and -e
configure:2900: result: /usr/bin/grep
configure:2905: checking for egrep
configure:2967: result: /usr/bin/grep -E
configure:2972: checking for ANSI C header files
configure:2992: gcc -c -g -O2  conftest.c >&5
configure:2992: $? = 0
configure:3065: gcc -o conftest -g -O2   conftest.c  >&5
configure:3065: $? = 0
configure:3065: ./conftest
configure:3065: $? = 0
configure:3076: result: yes
configure:3091: checking for special C compiler options needed for large files
configure:3136: result: no
configure:3142: checking for _FILE_OFFSET_BITS value needed for large files
configure:3167: gcc -c -g -O2  conftest.c >&5
configure:3167: $? = 0
configure:3199: result: no
configure:3285: checking for /usr/X11/include/X11/X.h
configure:3298: result: no
configure:3303: checking for /usr/X11R7/include/X11/X.h
configure:3316: result: no
configure:3321: checking for /usr/X11R6/include/X11/X.h
configure:3334: result: no
configure:3370: checking for sqrt in -lm
configure:3395: gcc -o conftest -g -O2 -I/include   -L/lib conftest.c -lm   >&5
conftest.c:17:6: warning: conflicting types for built-in function 'sqrt'; expected 'double(double)' [-Wbuiltin-declaration-mismatch]
   17 | char sqrt ();
      |      ^~~~
conftest.c:1:1: note: 'sqrt' is declared in header '<math.h>'
    1 | /* confdefs.h */
configure:3395: $? = 0
configure:3404: result: yes
configure:3418: checking for xine_new in -lxine
configure:3443: gcc -o conftest -g -O2 -I/include   -L/lib conftest.c -lxine  -lm  >&5
configure:3443: $? = 0
configure:3452: result: yes
configure:3474: checking for XOpenDisplay in -lX11
configure:3499: gcc -o conftest -g -O2 -I/include   -L/lib conftest.c -lX11  -lxine -lm  >&5
configure:3499: $? = 0
configure:3508: result: yes
configure:3529: checking for XScreenSaverSuspend in -lXss
configure:3554: gcc -o conftest -g -O2 -I/include   -L/lib conftest.c -lXss  -lX11 -lxine -lm  >&5
/usr/bin/ld: cannot find -lXss: No such file or directory
collect2: error: ld returned 1 exit status
configure:3554: $? = 1
configure: failed program was:
| /* confdefs.h */
| #define PACKAGE_NAME ""
| #define PACKAGE_TARNAME ""
| #define PACKAGE_VERSION ""
| #define PACKAGE_STRING ""
| #define PACKAGE_BUGREPORT ""
| #define PACKAGE_URL ""
| #define STDC_HEADERS 1
| #define HAVE_LIBM 1
| #define HAVE_LIBXINE 1
| #define HAVE_XINE 1
| #define HAVE_LIBX11 1
| #define HAVE_X11 1
| /* end confdefs.h.  */
| 
| /* Override any GCC internal prototype to avoid an error.
|    Use char because int might match the return type of a GCC
|    builtin and then its argument prototype would still apply.  */
| #ifdef __cplusplus
| extern "C"
| #endif
| char XScreenSaverSuspend ();
| int
| main ()
| {
| return XScreenSaverSuspend ();
|   ;
|   return 0;
| }
configure:3563: result: no
configure:3733: creating ./config.status

## ---------------------- ##
## Running config.status. ##
## ---------------------- ##

This file was extended by config.status, which was
generated by GNU Autoconf 2.69.  Invocation command line was

  CONFIG_FILES    = 
  CONFIG_HEADERS  = 
  CONFIG_LINKS    = 
  CONFIG_COMMANDS = 
  $ ./config.status 

on colum-HP-ProDesk-400-G1-SFF

config.status:724: creating Makefile
config.status:823: WARNING:  'Makefile.in' seems to ignore the --datarootdir setting

## ---------------- ##
## Cache variables. ##
## ---------------- ##

ac_cv_c_compiler_gnu=yes
ac_cv_env_CC_set=
ac_cv_env_CC_value=
ac_cv_env_CFLAGS_set=
ac_cv_env_CFLAGS_value=
ac_cv_env_CPPFLAGS_set=
ac_cv_env_CPPFLAGS_value=
ac_cv_env_CPP_set=
ac_cv_env_CPP_value=
ac_cv_env_LDFLAGS_set=
ac_cv_env_LDFLAGS_value=
ac_cv_env_LIBS_set=
ac_cv_env_LIBS_value=
ac_cv_env_build_alias_set=
ac_cv_env_build_alias_value=
ac_cv_env_host_alias_set=
ac_cv_env_host_alias_value=
ac_cv_env_target_alias_set=
ac_cv_env_target_alias_value=
ac_cv_file__usr_X11R6_include_X11_X_h=no
ac_cv_file__usr_X11R7_include_X11_X_h=no
ac_cv_file__usr_X11_include_X11_X_h=no
ac_cv_header_stdc=yes
ac_cv_lib_X11_XOpenDisplay=yes
ac_cv_lib_Xss_XScreenSaverSuspend=no
ac_cv_lib_m_sqrt=yes
ac_cv_lib_xine_xine_new=yes
ac_cv_objext=o
ac_cv_path_EGREP='/usr/bin/grep -E'
ac_cv_path_GREP=/usr/bin/grep
ac_cv_prog_CPP='gcc -E'
ac_cv_prog_ac_ct_CC=gcc
ac_cv_prog_cc_c89=
ac_cv_prog_cc_g=yes
ac_cv_prog_make_make_set=yes
ac_cv_sys_file_offset_bits=no
ac_cv_sys_largefile_CC=no

## ----------------- ##
## Output variables. ##
## ----------------- ##

CC='gcc'
CFLAGS='-g -O2 -I/include'
CPP='gcc -E'
CPPFLAGS=''
DEFS='-DPACKAGE_NAME=\"\" -DPACKAGE_TARNAME=\"\" -DPACKAGE_VERSION=\"\" -DPACKAGE_STRING=\"\" -DPACKAGE_BUGREPORT=\"\" -DPACKAGE_URL=\"\" -DSTDC_HEADERS=1 -DHAVE_LIBM=1 -DHAVE_LIBXINE=1 -DHAVE_XINE=1 -DHAVE_LIBX11=1 -DHAVE_X11=1'
ECHO_C=''
ECHO_N='-n'
ECHO_T=''
EGREP='/usr/bin/grep -E'
EXEEXT=''
GREP='/usr/bin/grep'
LDFLAGS=' -L/lib'
LIBOBJS=''
LIBS='-lX11 -lxine -lm '
LTLIBOBJS=''
OBJEXT='o'
PACKAGE_BUGREPORT=''
PACKAGE_NAME=''
PACKAGE_STRING=''
PACKAGE_TARNAME=''
PACKAGE_URL=''
PACKAGE_VERSION=''
PATH_SEPARATOR=':'
SET_MAKE=''
SHELL='/bin/bash'
VERSION='0.0.1'
ac_ct_CC='gcc'
bindir='${exec_prefix}/bin'
build_alias=''
datadir='${datarootdir}'
datarootdir='${prefix}/share'
docdir='${datarootdir}/doc/${PACKAGE}'
dvidir='${docdir}'
exec_prefix='${prefix}'
host_alias=''
htmldir='${docdir}'
includedir='${prefix}/include'
infodir='${datarootdir}/info'
libdir='${exec_prefix}/lib'
libexecdir='${exec_prefix}/libexec'
localedir='${datarootdir}/locale'
localstatedir='${prefix}/var'
mandir='${datarootdir}/man'
oldincludedir='/usr/include'
pdfdir='${docdir}'
prefix='/usr/local'
program_transform_name='s,x,x,'
psdir='${docdir}'
sbindir='${exec_prefix}/sbin'
sharedstatedir='${prefix}/com'
sysconfdir='${prefix}/etc'
target_alias=''

## ----------- ##
## confdefs.h. ##
## ----------- ##

/* confdefs.h */
#define PACKAGE_NAME ""
#define PACKAGE_TARNAME ""
#define PACKAGE_VERSION ""
#define PACKAGE_STRING ""
#define PACKAGE_BUGREPORT ""
#define PACKAGE_URL ""
#define STDC_HEADERS 1
#define HAVE_LIBM 1
#define HAVE_LIBXINE 1
#define HAVE_XINE 1
#define HAVE_LIBX11 1
#define HAVE_X11 1

configure: exit 0
